Log file open, 04/13/22 16:28:36
LogWindows: Failed to load 'aqProf.dll' (GetLastError=126)
LogWindows: File 'aqProf.dll' does not exist
LogWindows: Failed to load 'VtuneApi.dll' (GetLastError=126)
LogWindows: File 'VtuneApi.dll' does not exist
LogWindows: Failed to load 'VtuneApi32e.dll' (GetLastError=126)
LogWindows: File 'VtuneApi32e.dll' does not exist
LogConsoleResponse: Display: Failed to find resolution value strings in scalability ini. Falling back to default.
LogConsoleResponse: Display: Failed to find resolution value strings in scalability ini. Falling back to default.
LogInit: Display: Running engine for game: MyProject2
LogPlatformFile: Not using cached read wrapper
LogTaskGraph: Started task graph with 5 named threads and 35 total threads with 3 sets of task threads.
LogStats: Stats thread started at 0.193125
LogICUInternationalization: ICU TimeZone Detection - Raw Offset: -5:00, Platform Override: ''
LogInit: Display: Loading text-based GConfig....
LogPluginManager: Mounting plugin MeshPainting
LogPluginManager: Mounting plugin XGEController
LogPluginManager: Mounting plugin Paper2D
LogPluginManager: Mounting plugin LiveLink
LogPluginManager: Mounting plugin EnvironmentQueryEditor
LogPluginManager: Mounting plugin LightPropagationVolume
LogPluginManager: Mounting plugin OodleNetwork
LogPluginManager: Mounting plugin CameraShakePreviewer
LogPluginManager: Mounting plugin Niagara
LogPluginManager: Mounting plugin AISupport
LogPluginManager: Mounting plugin OodleData
LogPluginManager: Mounting plugin AnimationSharing
LogPluginManager: Mounting plugin DatasmithContent
LogPluginManager: Mounting plugin VariantManagerContent
LogPluginManager: Mounting plugin GameplayCameras
LogPluginManager: Mounting plugin CodeLiteSourceCodeAccess
LogPluginManager: Mounting plugin GitSourceControl
LogPluginManager: Mounting plugin CLionSourceCodeAccess
LogPluginManager: Mounting plugin NullSourceCodeAccess
LogPluginManager: Mounting plugin KDevelopSourceCodeAccess
LogPluginManager: Mounting plugin PerforceSourceControl
LogPluginManager: Mounting plugin PixWinPlugin
LogPluginManager: Mounting plugin PluginUtils
LogPluginManager: Mounting plugin PlasticSourceControl
LogPluginManager: Mounting plugin PropertyAccessNode
LogPluginManager: Mounting plugin SubversionSourceControl
LogPluginManager: Mounting plugin RiderSourceCodeAccess
LogPluginManager: Mounting plugin TextureFormatOodle
LogPluginManager: Mounting plugin UObjectPlugin
LogPluginManager: Mounting plugin VisualStudioCodeSourceCodeAccess
LogPluginManager: Mounting plugin XCodeSourceCodeAccess
LogPluginManager: Mounting plugin AssetManagerEditor
LogPluginManager: Mounting plugin VisualStudioSourceCodeAccess
LogPluginManager: Mounting plugin CryptoKeys
LogPluginManager: Mounting plugin CurveEditorTools
LogPluginManager: Mounting plugin DataValidation
LogPluginManager: Mounting plugin FacialAnimation
LogPluginManager: Mounting plugin GeometryMode
LogPluginManager: Mounting plugin GameplayTagsEditor
LogPluginManager: Mounting plugin MacGraphicsSwitching
LogPluginManager: Mounting plugin MaterialAnalyzer
LogPluginManager: Mounting plugin MobileLauncherProfileWizard
LogPluginManager: Mounting plugin PluginBrowser
LogPluginManager: Mounting plugin SpeedTreeImporter
LogPluginManager: Mounting plugin LuminPlatformFeatures
LogPluginManager: Mounting plugin MagicLeap
LogPluginManager: Mounting plugin MagicLeapLightEstimation
LogPluginManager: Mounting plugin MagicLeapMedia
LogPluginManager: Mounting plugin MagicLeapPassableWorld
LogPluginManager: Mounting plugin MLSDK
LogPluginManager: Mounting plugin AndroidMedia
LogPluginManager: Mounting plugin AvfMedia
LogPluginManager: Mounting plugin MediaCompositing
LogPluginManager: Mounting plugin ImgMedia
LogPluginManager: Mounting plugin MediaPlayerEditor
LogPluginManager: Mounting plugin WebMMedia
LogPluginManager: Mounting plugin WmfMedia
LogPluginManager: Mounting plugin TcpMessaging
LogPluginManager: Mounting plugin UdpMessaging
LogPluginManager: Mounting plugin ActorSequence
LogPluginManager: Mounting plugin MatineeToLevelSequence
LogPluginManager: Mounting plugin LevelSequenceEditor
LogPluginManager: Mounting plugin TemplateSequence
LogPluginManager: Mounting plugin OnlineSubsystem
LogPluginManager: Mounting plugin OnlineSubsystemNull
LogPluginManager: Mounting plugin OnlineSubsystemUtils
LogPluginManager: Mounting plugin AlembicImporter
LogPluginManager: Mounting plugin AutomationUtils
LogPluginManager: Mounting plugin BackChannel
LogPluginManager: Mounting plugin ChaosCloth
LogPluginManager: Mounting plugin ChaosEditor
LogPluginManager: Mounting plugin ChaosClothEditor
LogPluginManager: Mounting plugin ChaosNiagara
LogPluginManager: Mounting plugin ChaosSolverPlugin
LogPluginManager: Mounting plugin CharacterAI
LogPluginManager: Mounting plugin GeometryCache
LogPluginManager: Mounting plugin ActorLayerUtilities
LogPluginManager: Mounting plugin GeometryCollectionPlugin
LogPluginManager: Mounting plugin AndroidDeviceProfileSelector
LogPluginManager: Mounting plugin AndroidMoviePlayer
LogPluginManager: Mounting plugin AndroidPermission
LogPluginManager: Mounting plugin AppleImageUtils
LogPluginManager: Mounting plugin AppleMoviePlayer
LogPluginManager: Mounting plugin ArchVisCharacter
LogPluginManager: Mounting plugin AssetTags
LogPluginManager: Mounting plugin AudioCapture
LogPluginManager: Mounting plugin AudioSynesthesia
LogPluginManager: Mounting plugin CableComponent
LogPluginManager: Mounting plugin ChunkDownloader
LogPluginManager: Mounting plugin CustomMeshComponent
LogPluginManager: Mounting plugin ExampleDeviceProfileSelector
LogPluginManager: Mounting plugin GoogleCloudMessaging
LogPluginManager: Mounting plugin GooglePAD
LogPluginManager: Mounting plugin EditableMesh
LogPluginManager: Mounting plugin GeometryProcessing
LogPluginManager: Mounting plugin MotoSynth
LogPluginManager: Mounting plugin OpenImageDenoise
LogPluginManager: Mounting plugin PlatformCrypto
LogPluginManager: Mounting plugin ProxyLODPlugin
LogPluginManager: Mounting plugin PythonScriptPlugin
LogPluginManager: Mounting plugin SkeletalReduction
LogPluginManager: Mounting plugin LauncherChunkInstaller
LogPluginManager: Mounting plugin PlanarCut
LogPluginManager: Mounting plugin IOSDeviceProfileSelector
LogPluginManager: Mounting plugin ScreenshotTools
LogPluginManager: Mounting plugin LinuxDeviceProfileSelector
LogPluginManager: Mounting plugin LocationServicesBPLibrary
LogPluginManager: Mounting plugin MobilePatchingUtils
LogPluginManager: Mounting plugin OpenXR
LogPluginManager: Mounting plugin OpenXRHandTracking
LogPluginManager: Mounting plugin OpenXREyeTracker
LogPluginManager: Mounting plugin PhysXVehicles
LogPluginManager: Mounting plugin PostSplashScreen
LogPluginManager: Mounting plugin PropertyAccessEditor
LogPluginManager: Mounting plugin RuntimePhysXCooking
LogPluginManager: Mounting plugin ProceduralMeshComponent
LogPluginManager: Mounting plugin SignificanceManager
LogPluginManager: Mounting plugin SoundFields
LogPluginManager: Mounting plugin Synthesis
LogPluginManager: Mounting plugin WebMMoviePlayer
LogPluginManager: Mounting plugin WindowsMoviePlayer
LogPluginManager: Mounting plugin Takes
LogPluginManager: Mounting plugin ContentBrowserAssetDataSource
LogPluginManager: Mounting plugin ContentBrowserClassDataSource
LogPluginManager: Mounting plugin ContentBrowserFileDataSource
LogPluginManager: Mounting plugin OnlineSubsystemGooglePlay
LogPluginManager: Mounting plugin OnlineSubsystemIOS
LogPluginManager: Mounting plugin OculusVR
LogPluginManager: Mounting plugin SteamVR
PixWinPlugin: PIX capture plugin failed to initialize! Check that the process is launched from PIX.
LogInit: Using libcurl 7.55.1-DEV
LogInit:  - built for x86_64-pc-win32
LogInit:  - supports SSL with OpenSSL/1.1.1
LogInit:  - supports HTTP deflate (compression) using libz 1.2.8
LogInit:  - other features:
LogInit:      CURL_VERSION_SSL
LogInit:      CURL_VERSION_LIBZ
LogInit:      CURL_VERSION_IPV6
LogInit:      CURL_VERSION_ASYNCHDNS
LogInit:      CURL_VERSION_LARGEFILE
LogInit:      CURL_VERSION_IDN
LogInit:  CurlRequestOptions (configurable via config and command line):
LogInit:  - bVerifyPeer = true  - Libcurl will verify peer certificate
LogInit:  - bUseHttpProxy = false  - Libcurl will NOT use HTTP proxy
LogInit:  - bDontReuseConnections = false  - Libcurl will reuse connections
LogInit:  - MaxHostConnections = 16  - Libcurl will limit the number of connections to a host
LogInit:  - LocalHostAddr = Default
LogInit:  - BufferSize = 65536
LogOnline: OSS: Creating online subsystem instance for: NULL
LogInit: WinSock: version 1.1 (2.2), MaxSocks=32767, MaxUdp=65467
LogOnline: OSS: TryLoadSubsystemAndSetDefault: Loaded subsystem for module [NULL]
LogOculusPluginWrapper: OculusPlugin initialized successfully
LogHMD: Failed initializing OVRPlugin 1.59.0
LogInit: Build: ++UE4+Release-4.27-CL-18319896
LogInit: Engine Version: 4.27.2-18319896+++UE4+Release-4.27
LogInit: Compatible Engine Version: 4.27.0-17155196+++UE4+Release-4.27
LogInit: Net CL: 17155196
LogInit: OS: Windows 10 (Release 2009) (), CPU: 12th Gen Intel(R) Core(TM) i5-12400, GPU: NVIDIA GeForce RTX 3060 Ti
LogInit: Compiled (64-bit): Nov 30 2021 07:12:08
LogInit: Compiled with Visual C++: 19.24.28315.00
LogInit: Build Configuration: Development
LogInit: Branch Name: ++UE4+Release-4.27
LogInit: Command Line:  /Game/Mapas/MapaUniversidad -game -PIEVIACONSOLE -Multiprocess "GameUserSettingsINI=D:/Documentos/Universidad/9no Semestre/Aplicaciones 3D/Proyecto/Aplicaciones_3D/MyProject2/Saved/Config/Windows/PIEGameUserSettings0.ini" -MultiprocessSaveConfig -forcepassthrough -messaging -SessionName="Play in Standalone Game" -windowed -WinX=348 -WinY=332 SAVEWINPOS=1 -ResX=1285 -ResY=562
LogInit: Base Directory: C:/Program Files/Epic Games/UE_4.27/Engine/Binaries/Win64/
LogInit: Allocator: TBB
LogInit: Installed Engine Build: 1
LogDevObjectVersion: Number of dev versions registered: 29
LogDevObjectVersion:   Dev-Blueprints (B0D832E4-1F89-4F0D-ACCF-7EB736FD4AA2): 10
LogDevObjectVersion:   Dev-Build (E1C64328-A22C-4D53-A36C-8E866417BD8C): 0
LogDevObjectVersion:   Dev-Core (375EC13C-06E4-48FB-B500-84F0262A717E): 4
LogDevObjectVersion:   Dev-Editor (E4B068ED-F494-42E9-A231-DA0B2E46BB41): 40
LogDevObjectVersion:   Dev-Framework (CFFC743F-43B0-4480-9391-14DF171D2073): 37
LogDevObjectVersion:   Dev-Mobile (B02B49B5-BB20-44E9-A304-32B752E40360): 3
LogDevObjectVersion:   Dev-Networking (A4E4105C-59A1-49B5-A7C5-40C4547EDFEE): 0
LogDevObjectVersion:   Dev-Online (39C831C9-5AE6-47DC-9A44-9C173E1C8E7C): 0
LogDevObjectVersion:   Dev-Physics (78F01B33-EBEA-4F98-B9B4-84EACCB95AA2): 14
LogDevObjectVersion:   Dev-Platform (6631380F-2D4D-43E0-8009-CF276956A95A): 0
LogDevObjectVersion:   Dev-Rendering (12F88B9F-8875-4AFC-A67C-D90C383ABD29): 45
LogDevObjectVersion:   Dev-Sequencer (7B5AE74C-D270-4C10-A958-57980B212A5A): 13
LogDevObjectVersion:   Dev-VR (D7296918-1DD6-4BDD-9DE2-64A83CC13884): 3
LogDevObjectVersion:   Dev-LoadTimes (C2A15278-BFE7-4AFE-6C17-90FF531DF755): 1
LogDevObjectVersion:   Private-Geometry (6EACA3D4-40EC-4CC1-B786-8BED09428FC5): 3
LogDevObjectVersion:   Dev-AnimPhys (29E575DD-E0A3-4627-9D10-D276232CDCEA): 17
LogDevObjectVersion:   Dev-Anim (AF43A65D-7FD3-4947-9873-3E8ED9C1BB05): 15
LogDevObjectVersion:   Dev-ReflectionCapture (6B266CEC-1EC7-4B8F-A30B-E4D90942FC07): 1
LogDevObjectVersion:   Dev-Automation (0DF73D61-A23F-47EA-B727-89E90C41499A): 1
LogDevObjectVersion:   FortniteMain (601D1886-AC64-4F84-AA16-D3DE0DEAC7D6): 47
LogDevObjectVersion:   FortniteRelease (E7086368-6B23-4C58-8439-1B7016265E91): 1
LogDevObjectVersion:   Dev-Enterprise (9DFFBCD6-494F-0158-E221-12823C92A888): 10
LogDevObjectVersion:   Dev-Niagara (F2AED0AC-9AFE-416F-8664-AA7FFA26D6FC): 1
LogDevObjectVersion:   Dev-Destruction (174F1F0B-B4C6-45A5-B13F-2EE8D0FB917D): 10
LogDevObjectVersion:   Dev-Physics-Ext (35F94A83-E258-406C-A318-09F59610247C): 41
LogDevObjectVersion:   Dev-PhysicsMaterial-Chaos (B68FC16E-8B1B-42E2-B453-215C058844FE): 1
LogDevObjectVersion:   Dev-CineCamera (B2E18506-4273-CFC2-A54E-F4BB758BBA07): 1
LogDevObjectVersion:   Dev-VirtualProduction (64F58936-FD1B-42BA-BA96-7289D5D0FA4E): 1
LogDevObjectVersion:   Dev-MediaFramework (6F0ED827-A609-4895-9C91-998D90180EA4): 2
LogInit: Presizing for max 25165824 objects, including 0 objects not considered by GC, pre-allocating 0 bytes for permanent pool.
LogConfig: Applying CVar settings from Section [/Script/Engine.StreamingSettings] File [D:/Documentos/Universidad/9no Semestre/Aplicaciones 3D/Proyecto/Aplicaciones_3D/MyProject2/Saved/Config/Windows/Engine.ini]
LogConfig: Setting CVar [[s.MinBulkDataSizeForAsyncLoading:131072]]
LogConfig: Setting CVar [[s.AsyncLoadingThreadEnabled:0]]
LogConfig: Setting CVar [[s.EventDrivenLoaderEnabled:1]]
LogConfig: Setting CVar [[s.WarnIfTimeLimitExceeded:0]]
LogConfig: Setting CVar [[s.TimeLimitExceededMultiplier:1.5]]
LogConfig: Setting CVar [[s.TimeLimitExceededMinTime:0.005]]
LogConfig: Setting CVar [[s.UseBackgroundLevelStreaming:1]]
LogConfig: Setting CVar [[s.PriorityAsyncLoadingExtraTime:15.0]]
LogConfig: Setting CVar [[s.LevelStreamingActorsUpdateTimeLimit:5.0]]
LogConfig: Setting CVar [[s.PriorityLevelStreamingActorsUpdateExtraTime:5.0]]
LogConfig: Setting CVar [[s.LevelStreamingComponentsRegistrationGranularity:10]]
LogConfig: Setting CVar [[s.UnregisterComponentsTimeLimit:1.0]]
LogConfig: Setting CVar [[s.LevelStreamingComponentsUnregistrationGranularity:5]]
LogConfig: Setting CVar [[s.FlushStreamingOnExit:1]]
LogInit: Object subsystem initialized
LogConfig: Setting CVar [[con.DebugEarlyDefault:1]]
LogConfig: Setting CVar [[r.setres:1280x720]]
[2022.04.13-21.28.36:432][  0]LogConfig: Setting CVar [[con.DebugEarlyDefault:1]]
[2022.04.13-21.28.36:432][  0]LogConfig: Setting CVar [[r.setres:1280x720]]
[2022.04.13-21.28.36:432][  0]LogConfig: Applying CVar settings from Section [/Script/Engine.RendererSettings] File [D:/Documentos/Universidad/9no Semestre/Aplicaciones 3D/Proyecto/Aplicaciones_3D/MyProject2/Saved/Config/Windows/Engine.ini]
[2022.04.13-21.28.36:432][  0]LogConfig: Setting CVar [[r.GPUCrashDebugging:0]]
[2022.04.13-21.28.36:432][  0]LogConfig: Applying CVar settings from Section [/Script/Engine.RendererOverrideSettings] File [D:/Documentos/Universidad/9no Semestre/Aplicaciones 3D/Proyecto/Aplicaciones_3D/MyProject2/Saved/Config/Windows/Engine.ini]
[2022.04.13-21.28.36:432][  0]LogConfig: Applying CVar settings from Section [/Script/Engine.StreamingSettings] File [D:/Documentos/Universidad/9no Semestre/Aplicaciones 3D/Proyecto/Aplicaciones_3D/MyProject2/Saved/Config/Windows/Engine.ini]
[2022.04.13-21.28.36:432][  0]LogConfig: Setting CVar [[s.MinBulkDataSizeForAsyncLoading:131072]]
[2022.04.13-21.28.36:432][  0]LogConfig: Setting CVar [[s.AsyncLoadingThreadEnabled:0]]
[2022.04.13-21.28.36:432][  0]LogConfig: Setting CVar [[s.EventDrivenLoaderEnabled:1]]
[2022.04.13-21.28.36:432][  0]LogConfig: Setting CVar [[s.WarnIfTimeLimitExceeded:0]]
[2022.04.13-21.28.36:432][  0]LogConfig: Setting CVar [[s.TimeLimitExceededMultiplier:1.5]]
[2022.04.13-21.28.36:432][  0]LogConfig: Setting CVar [[s.TimeLimitExceededMinTime:0.005]]
[2022.04.13-21.28.36:432][  0]LogConfig: Setting CVar [[s.UseBackgroundLevelStreaming:1]]
[2022.04.13-21.28.36:432][  0]LogConfig: Setting CVar [[s.PriorityAsyncLoadingExtraTime:15.0]]
[2022.04.13-21.28.36:432][  0]LogConfig: Setting CVar [[s.LevelStreamingActorsUpdateTimeLimit:5.0]]
[2022.04.13-21.28.36:432][  0]LogConfig: Setting CVar [[s.PriorityLevelStreamingActorsUpdateExtraTime:5.0]]
[2022.04.13-21.28.36:432][  0]LogConfig: Setting CVar [[s.LevelStreamingComponentsRegistrationGranularity:10]]
[2022.04.13-21.28.36:432][  0]LogConfig: Setting CVar [[s.UnregisterComponentsTimeLimit:1.0]]
[2022.04.13-21.28.36:432][  0]LogConfig: Setting CVar [[s.LevelStreamingComponentsUnregistrationGranularity:5]]
[2022.04.13-21.28.36:432][  0]LogConfig: Setting CVar [[s.FlushStreamingOnExit:1]]
[2022.04.13-21.28.36:432][  0]LogConfig: Applying CVar settings from Section [/Script/Engine.GarbageCollectionSettings] File [D:/Documentos/Universidad/9no Semestre/Aplicaciones 3D/Proyecto/Aplicaciones_3D/MyProject2/Saved/Config/Windows/Engine.ini]
[2022.04.13-21.28.36:432][  0]LogConfig: Setting CVar [[gc.MaxObjectsNotConsideredByGC:1]]
[2022.04.13-21.28.36:432][  0]LogConfig: Setting CVar [[gc.SizeOfPermanentObjectPool:0]]
[2022.04.13-21.28.36:432][  0]LogConfig: Setting CVar [[gc.FlushStreamingOnGC:0]]
[2022.04.13-21.28.36:432][  0]LogConfig: Setting CVar [[gc.NumRetriesBeforeForcingGC:10]]
[2022.04.13-21.28.36:432][  0]LogConfig: Setting CVar [[gc.AllowParallelGC:1]]
[2022.04.13-21.28.36:432][  0]LogConfig: Setting CVar [[gc.TimeBetweenPurgingPendingKillObjects:61.1]]
[2022.04.13-21.28.36:432][  0]LogConfig: Setting CVar [[gc.MaxObjectsInEditor:25165824]]
[2022.04.13-21.28.36:432][  0]LogConfig: Setting CVar [[gc.IncrementalBeginDestroyEnabled:1]]
[2022.04.13-21.28.36:432][  0]LogConfig: Setting CVar [[gc.CreateGCClusters:1]]
[2022.04.13-21.28.36:432][  0]LogConfig: Setting CVar [[gc.MinGCClusterSize:5]]
[2022.04.13-21.28.36:432][  0]LogConfig: Setting CVar [[gc.ActorClusteringEnabled:0]]
[2022.04.13-21.28.36:432][  0]LogConfig: Setting CVar [[gc.BlueprintClusteringEnabled:0]]
[2022.04.13-21.28.36:432][  0]LogConfig: Setting CVar [[gc.UseDisregardForGCOnDedicatedServers:0]]
[2022.04.13-21.28.36:432][  0]LogConfig: Setting CVar [[gc.MultithreadedDestructionEnabled:1]]
[2022.04.13-21.28.36:432][  0]LogConfig: Applying CVar settings from Section [/Script/Engine.NetworkSettings] File [D:/Documentos/Universidad/9no Semestre/Aplicaciones 3D/Proyecto/Aplicaciones_3D/MyProject2/Saved/Config/Windows/Engine.ini]
[2022.04.13-21.28.36:432][  0]LogConfig: Applying CVar settings from Section [/Script/UnrealEd.CookerSettings] File [D:/Documentos/Universidad/9no Semestre/Aplicaciones 3D/Proyecto/Aplicaciones_3D/MyProject2/Saved/Config/Windows/Engine.ini]
[2022.04.13-21.28.36:440][  0]LogConfig: Applying CVar settings from Section [ViewDistanceQuality@3] File [D:/Documentos/Universidad/9no Semestre/Aplicaciones 3D/Proyecto/Aplicaciones_3D/MyProject2/Saved/Config/Windows/Scalability.ini]
[2022.04.13-21.28.36:440][  0]LogConfig: Setting CVar [[r.SkeletalMeshLODBias:0]]
[2022.04.13-21.28.36:440][  0]LogConfig: Setting CVar [[r.ViewDistanceScale:1.0]]
[2022.04.13-21.28.36:440][  0]LogConfig: Applying CVar settings from Section [AntiAliasingQuality@3] File [D:/Documentos/Universidad/9no Semestre/Aplicaciones 3D/Proyecto/Aplicaciones_3D/MyProject2/Saved/Config/Windows/Scalability.ini]
[2022.04.13-21.28.36:440][  0]LogConfig: Setting CVar [[r.PostProcessAAQuality:4]]
[2022.04.13-21.28.36:440][  0]LogConfig: Applying CVar settings from Section [ShadowQuality@3] File [D:/Documentos/Universidad/9no Semestre/Aplicaciones 3D/Proyecto/Aplicaciones_3D/MyProject2/Saved/Config/Windows/Scalability.ini]
[2022.04.13-21.28.36:440][  0]LogConfig: Setting CVar [[r.LightFunctionQuality:1]]
[2022.04.13-21.28.36:440][  0]LogConfig: Setting CVar [[r.ShadowQuality:5]]
[2022.04.13-21.28.36:440][  0]LogConfig: Setting CVar [[r.Shadow.CSM.MaxCascades:10]]
[2022.04.13-21.28.36:440][  0]LogConfig: Setting CVar [[r.Shadow.MaxResolution:2048]]
[2022.04.13-21.28.36:440][  0]LogConfig: Setting CVar [[r.Shadow.MaxCSMResolution:2048]]
[2022.04.13-21.28.36:440][  0]LogConfig: Setting CVar [[r.Shadow.RadiusThreshold:0.01]]
[2022.04.13-21.28.36:440][  0]LogConfig: Setting CVar [[r.Shadow.DistanceScale:1.0]]
[2022.04.13-21.28.36:440][  0]LogConfig: Setting CVar [[r.Shadow.CSM.TransitionScale:1.0]]
[2022.04.13-21.28.36:440][  0]LogConfig: Setting CVar [[r.Shadow.PreShadowResolutionFactor:1.0]]
[2022.04.13-21.28.36:440][  0]LogConfig: Setting CVar [[r.DistanceFieldShadowing:1]]
[2022.04.13-21.28.36:440][  0]LogConfig: Setting CVar [[r.DistanceFieldAO:1]]
[2022.04.13-21.28.36:440][  0]LogConfig: Setting CVar [[r.AOQuality:2]]
[2022.04.13-21.28.36:440][  0]LogConfig: Setting CVar [[r.VolumetricFog:1]]
[2022.04.13-21.28.36:440][  0]LogConfig: Setting CVar [[r.VolumetricFog.GridPixelSize:8]]
[2022.04.13-21.28.36:440][  0]LogConfig: Setting CVar [[r.VolumetricFog.GridSizeZ:128]]
[2022.04.13-21.28.36:440][  0]LogConfig: Setting CVar [[r.VolumetricFog.HistoryMissSupersampleCount:4]]
[2022.04.13-21.28.36:440][  0]LogConfig: Setting CVar [[r.LightMaxDrawDistanceScale:1]]
[2022.04.13-21.28.36:440][  0]LogConfig: Setting CVar [[r.CapsuleShadows:1]]
[2022.04.13-21.28.36:440][  0]LogConfig: Applying CVar settings from Section [PostProcessQuality@3] File [D:/Documentos/Universidad/9no Semestre/Aplicaciones 3D/Proyecto/Aplicaciones_3D/MyProject2/Saved/Config/Windows/Scalability.ini]
[2022.04.13-21.28.36:440][  0]LogConfig: Setting CVar [[r.MotionBlurQuality:4]]
[2022.04.13-21.28.36:440][  0]LogConfig: Setting CVar [[r.AmbientOcclusionMipLevelFactor:0.4]]
[2022.04.13-21.28.36:440][  0]LogConfig: Setting CVar [[r.AmbientOcclusionMaxQuality:100]]
[2022.04.13-21.28.36:440][  0]LogConfig: Setting CVar [[r.AmbientOcclusionLevels:-1]]
[2022.04.13-21.28.36:440][  0]LogConfig: Setting CVar [[r.AmbientOcclusionRadiusScale:1.0]]
[2022.04.13-21.28.36:441][  0]LogConfig: Setting CVar [[r.DepthOfFieldQuality:2]]
[2022.04.13-21.28.36:441][  0]LogConfig: Setting CVar [[r.RenderTargetPoolMin:400]]
[2022.04.13-21.28.36:441][  0]LogConfig: Setting CVar [[r.LensFlareQuality:2]]
[2022.04.13-21.28.36:441][  0]LogConfig: Setting CVar [[r.SceneColorFringeQuality:1]]
[2022.04.13-21.28.36:441][  0]LogConfig: Setting CVar [[r.EyeAdaptationQuality:2]]
[2022.04.13-21.28.36:441][  0]LogConfig: Setting CVar [[r.BloomQuality:5]]
[2022.04.13-21.28.36:441][  0]LogConfig: Setting CVar [[r.FastBlurThreshold:100]]
[2022.04.13-21.28.36:441][  0]LogConfig: Setting CVar [[r.Upscale.Quality:3]]
[2022.04.13-21.28.36:441][  0]LogConfig: Setting CVar [[r.Tonemapper.GrainQuantization:1]]
[2022.04.13-21.28.36:441][  0]LogConfig: Setting CVar [[r.LightShaftQuality:1]]
[2022.04.13-21.28.36:441][  0]LogConfig: Setting CVar [[r.Filter.SizeScale:1]]
[2022.04.13-21.28.36:441][  0]LogConfig: Setting CVar [[r.Tonemapper.Quality:5]]
[2022.04.13-21.28.36:441][  0]LogConfig: Setting CVar [[r.DOF.Gather.AccumulatorQuality:1        ; higher gathering accumulator quality]]
[2022.04.13-21.28.36:441][  0]LogConfig: Setting CVar [[r.DOF.Gather.PostfilterMethod:1          ; Median3x3 postfilering method]]
[2022.04.13-21.28.36:441][  0]LogConfig: Setting CVar [[r.DOF.Gather.EnableBokehSettings:0       ; no bokeh simulation when gathering]]
[2022.04.13-21.28.36:441][  0]LogConfig: Setting CVar [[r.DOF.Gather.RingCount:4                 ; medium number of samples when gathering]]
[2022.04.13-21.28.36:441][  0]LogConfig: Setting CVar [[r.DOF.Scatter.ForegroundCompositing:1    ; additive foreground scattering]]
[2022.04.13-21.28.36:441][  0]LogConfig: Setting CVar [[r.DOF.Scatter.BackgroundCompositing:2    ; additive background scattering]]
[2022.04.13-21.28.36:441][  0]LogConfig: Setting CVar [[r.DOF.Scatter.EnableBokehSettings:1      ; bokeh simulation when scattering]]
[2022.04.13-21.28.36:441][  0]LogConfig: Setting CVar [[r.DOF.Scatter.MaxSpriteRatio:0.1         ; only a maximum of 10% of scattered bokeh]]
[2022.04.13-21.28.36:441][  0]LogConfig: Setting CVar [[r.DOF.Recombine.Quality:1                ; cheap slight out of focus]]
[2022.04.13-21.28.36:441][  0]LogConfig: Setting CVar [[r.DOF.Recombine.EnableBokehSettings:0    ; no bokeh simulation on slight out of focus]]
[2022.04.13-21.28.36:441][  0]LogConfig: Setting CVar [[r.DOF.TemporalAAQuality:1                ; more stable temporal accumulation]]
[2022.04.13-21.28.36:441][  0]LogConfig: Setting CVar [[r.DOF.Kernel.MaxForegroundRadius:0.025]]
[2022.04.13-21.28.36:441][  0]LogConfig: Setting CVar [[r.DOF.Kernel.MaxBackgroundRadius:0.025]]
[2022.04.13-21.28.36:441][  0]LogConfig: Applying CVar settings from Section [TextureQuality@3] File [D:/Documentos/Universidad/9no Semestre/Aplicaciones 3D/Proyecto/Aplicaciones_3D/MyProject2/Saved/Config/Windows/Scalability.ini]
[2022.04.13-21.28.36:441][  0]LogConfig: Setting CVar [[r.Streaming.MipBias:0]]
[2022.04.13-21.28.36:441][  0]LogConfig: Setting CVar [[r.Streaming.AmortizeCPUToGPUCopy:0]]
[2022.04.13-21.28.36:441][  0]LogConfig: Setting CVar [[r.Streaming.MaxNumTexturesToStreamPerFrame:0]]
[2022.04.13-21.28.36:441][  0]LogConfig: Setting CVar [[r.Streaming.Boost:1]]
[2022.04.13-21.28.36:441][  0]LogConfig: Setting CVar [[r.MaxAnisotropy:8]]
[2022.04.13-21.28.36:441][  0]LogConfig: Setting CVar [[r.VT.MaxAnisotropy:8]]
[2022.04.13-21.28.36:441][  0]LogConfig: Setting CVar [[r.Streaming.LimitPoolSizeToVRAM:0]]
[2022.04.13-21.28.36:441][  0]LogConfig: Setting CVar [[r.Streaming.PoolSize:1000]]
[2022.04.13-21.28.36:441][  0]LogConfig: Setting CVar [[r.Streaming.MaxEffectiveScreenSize:0]]
[2022.04.13-21.28.36:441][  0]LogConfig: Applying CVar settings from Section [EffectsQuality@3] File [D:/Documentos/Universidad/9no Semestre/Aplicaciones 3D/Proyecto/Aplicaciones_3D/MyProject2/Saved/Config/Windows/Scalability.ini]
[2022.04.13-21.28.36:441][  0]LogConfig: Setting CVar [[r.TranslucencyLightingVolumeDim:64]]
[2022.04.13-21.28.36:441][  0]LogConfig: Setting CVar [[r.RefractionQuality:2]]
[2022.04.13-21.28.36:441][  0]LogConfig: Setting CVar [[r.SSR.Quality:3]]
[2022.04.13-21.28.36:441][  0]LogConfig: Setting CVar [[r.SSR.HalfResSceneColor:0]]
[2022.04.13-21.28.36:441][  0]LogConfig: Setting CVar [[r.SceneColorFormat:4]]
[2022.04.13-21.28.36:441][  0]LogConfig: Setting CVar [[r.DetailMode:2]]
[2022.04.13-21.28.36:441][  0]LogConfig: Setting CVar [[r.TranslucencyVolumeBlur:1]]
[2022.04.13-21.28.36:441][  0]LogConfig: Setting CVar [[r.MaterialQualityLevel:1 ; High quality]]
[2022.04.13-21.28.36:441][  0]LogConfig: Setting CVar [[r.AnisotropicMaterials:1]]
[2022.04.13-21.28.36:441][  0]LogConfig: Setting CVar [[r.SSS.Scale:1]]
[2022.04.13-21.28.36:441][  0]LogConfig: Setting CVar [[r.SSS.SampleSet:2]]
[2022.04.13-21.28.36:441][  0]LogConfig: Setting CVar [[r.SSS.Quality:1]]
[2022.04.13-21.28.36:441][  0]LogConfig: Setting CVar [[r.SSS.HalfRes:0]]
[2022.04.13-21.28.36:441][  0]LogConfig: Setting CVar [[r.SSGI.Quality:3]]
[2022.04.13-21.28.36:441][  0]LogConfig: Setting CVar [[r.EmitterSpawnRateScale:1.0]]
[2022.04.13-21.28.36:441][  0]LogConfig: Setting CVar [[r.ParticleLightQuality:2]]
[2022.04.13-21.28.36:441][  0]LogConfig: Setting CVar [[r.SkyAtmosphere.AerialPerspectiveLUT.FastApplyOnOpaque:1 ; Always have FastSkyLUT 1 in this case to avoid wrong sky]]
[2022.04.13-21.28.36:441][  0]LogConfig: Setting CVar [[r.SkyAtmosphere.AerialPerspectiveLUT.SampleCountMaxPerSlice:4]]
[2022.04.13-21.28.36:441][  0]LogConfig: Setting CVar [[r.SkyAtmosphere.AerialPerspectiveLUT.DepthResolution:16.0]]
[2022.04.13-21.28.36:441][  0]LogConfig: Setting CVar [[r.SkyAtmosphere.FastSkyLUT:1]]
[2022.04.13-21.28.36:441][  0]LogConfig: Setting CVar [[r.SkyAtmosphere.FastSkyLUT.SampleCountMin:4.0]]
[2022.04.13-21.28.36:441][  0]LogConfig: Setting CVar [[r.SkyAtmosphere.FastSkyLUT.SampleCountMax:128.0]]
[2022.04.13-21.28.36:441][  0]LogConfig: Setting CVar [[r.SkyAtmosphere.SampleCountMin:4.0]]
[2022.04.13-21.28.36:441][  0]LogConfig: Setting CVar [[r.SkyAtmosphere.SampleCountMax:128.0]]
[2022.04.13-21.28.36:441][  0]LogConfig: Setting CVar [[r.SkyAtmosphere.TransmittanceLUT.UseSmallFormat:0]]
[2022.04.13-21.28.36:441][  0]LogConfig: Setting CVar [[r.SkyAtmosphere.TransmittanceLUT.SampleCount:10.0]]
[2022.04.13-21.28.36:441][  0]LogConfig: Setting CVar [[r.SkyAtmosphere.MultiScatteringLUT.SampleCount:15.0]]
[2022.04.13-21.28.36:441][  0]LogConfig: Setting CVar [[r.SkyLight.RealTimeReflectionCapture:1]]
[2022.04.13-21.28.36:441][  0]LogConfig: Applying CVar settings from Section [FoliageQuality@3] File [D:/Documentos/Universidad/9no Semestre/Aplicaciones 3D/Proyecto/Aplicaciones_3D/MyProject2/Saved/Config/Windows/Scalability.ini]
[2022.04.13-21.28.36:441][  0]LogConfig: Setting CVar [[foliage.DensityScale:1.0]]
[2022.04.13-21.28.36:441][  0]LogConfig: Setting CVar [[grass.DensityScale:1.0]]
[2022.04.13-21.28.36:441][  0]LogConfig: Applying CVar settings from Section [ShadingQuality@3] File [D:/Documentos/Universidad/9no Semestre/Aplicaciones 3D/Proyecto/Aplicaciones_3D/MyProject2/Saved/Config/Windows/Scalability.ini]
[2022.04.13-21.28.36:441][  0]LogConfig: Setting CVar [[r.HairStrands.SkyLighting.IntegrationType:2]]
[2022.04.13-21.28.36:441][  0]LogConfig: Setting CVar [[r.HairStrands.SkyAO.SampleCount:4]]
[2022.04.13-21.28.36:441][  0]LogConfig: Setting CVar [[r.HairStrands.Visibility.MSAA.SamplePerPixel:4]]
[2022.04.13-21.28.36:441][  0]LogInit: Selected Device Profile: [Windows]
[2022.04.13-21.28.36:441][  0]LogInit: Applying CVar settings loaded from the selected device profile: [Windows]
[2022.04.13-21.28.36:441][  0]LogHAL: Display: Platform has ~ 16 GB [16942809088 / 17179869184 / 16], which maps to Larger [LargestMinGB=32, LargerMinGB=12, DefaultMinGB=8, SmallerMinGB=6, SmallestMinGB=0)
[2022.04.13-21.28.36:441][  0]LogInit: Going up to parent DeviceProfile []
[2022.04.13-21.28.36:441][  0]LogConfig: Applying CVar settings from Section [ViewDistanceQuality@3] File [D:/Documentos/Universidad/9no Semestre/Aplicaciones 3D/Proyecto/Aplicaciones_3D/MyProject2/Saved/Config/Windows/Scalability.ini]
[2022.04.13-21.28.36:441][  0]LogConfig: Setting CVar [[r.SkeletalMeshLODBias:0]]
[2022.04.13-21.28.36:441][  0]LogConfig: Setting CVar [[r.ViewDistanceScale:1.0]]
[2022.04.13-21.28.36:441][  0]LogConfig: Applying CVar settings from Section [AntiAliasingQuality@3] File [D:/Documentos/Universidad/9no Semestre/Aplicaciones 3D/Proyecto/Aplicaciones_3D/MyProject2/Saved/Config/Windows/Scalability.ini]
[2022.04.13-21.28.36:441][  0]LogConfig: Setting CVar [[r.PostProcessAAQuality:4]]
[2022.04.13-21.28.36:441][  0]LogConfig: Applying CVar settings from Section [ShadowQuality@1] File [D:/Documentos/Universidad/9no Semestre/Aplicaciones 3D/Proyecto/Aplicaciones_3D/MyProject2/Saved/Config/Windows/Scalability.ini]
[2022.04.13-21.28.36:441][  0]LogConfig: Setting CVar [[r.LightFunctionQuality:1]]
[2022.04.13-21.28.36:441][  0]LogConfig: Setting CVar [[r.ShadowQuality:3]]
[2022.04.13-21.28.36:441][  0]LogConfig: Setting CVar [[r.Shadow.CSM.MaxCascades:1]]
[2022.04.13-21.28.36:441][  0]LogConfig: Setting CVar [[r.Shadow.MaxResolution:1024]]
[2022.04.13-21.28.36:441][  0]LogConfig: Setting CVar [[r.Shadow.MaxCSMResolution:1024]]
[2022.04.13-21.28.36:441][  0]LogConfig: Setting CVar [[r.Shadow.RadiusThreshold:0.05]]
[2022.04.13-21.28.36:441][  0]LogConfig: Setting CVar [[r.Shadow.DistanceScale:0.7]]
[2022.04.13-21.28.36:441][  0]LogConfig: Setting CVar [[r.Shadow.CSM.TransitionScale:0.25]]
[2022.04.13-21.28.36:441][  0]LogConfig: Setting CVar [[r.Shadow.PreShadowResolutionFactor:0.5]]
[2022.04.13-21.28.36:441][  0]LogConfig: Setting CVar [[r.DistanceFieldShadowing:0]]
[2022.04.13-21.28.36:441][  0]LogConfig: Setting CVar [[r.DistanceFieldAO:0]]
[2022.04.13-21.28.36:442][  0]LogConfig: Setting CVar [[r.VolumetricFog:0]]
[2022.04.13-21.28.36:442][  0]LogConfig: Setting CVar [[r.LightMaxDrawDistanceScale:.5]]
[2022.04.13-21.28.36:442][  0]LogConfig: Setting CVar [[r.CapsuleShadows:1]]
[2022.04.13-21.28.36:442][  0]LogConfig: Applying CVar settings from Section [PostProcessQuality@3] File [D:/Documentos/Universidad/9no Semestre/Aplicaciones 3D/Proyecto/Aplicaciones_3D/MyProject2/Saved/Config/Windows/Scalability.ini]
[2022.04.13-21.28.36:442][  0]LogConfig: Setting CVar [[r.MotionBlurQuality:4]]
[2022.04.13-21.28.36:442][  0]LogConfig: Setting CVar [[r.AmbientOcclusionMipLevelFactor:0.4]]
[2022.04.13-21.28.36:442][  0]LogConfig: Setting CVar [[r.AmbientOcclusionMaxQuality:100]]
[2022.04.13-21.28.36:442][  0]LogConfig: Setting CVar [[r.AmbientOcclusionLevels:-1]]
[2022.04.13-21.28.36:442][  0]LogConfig: Setting CVar [[r.AmbientOcclusionRadiusScale:1.0]]
[2022.04.13-21.28.36:442][  0]LogConfig: Setting CVar [[r.DepthOfFieldQuality:2]]
[2022.04.13-21.28.36:442][  0]LogConfig: Setting CVar [[r.RenderTargetPoolMin:400]]
[2022.04.13-21.28.36:442][  0]LogConfig: Setting CVar [[r.LensFlareQuality:2]]
[2022.04.13-21.28.36:442][  0]LogConfig: Setting CVar [[r.SceneColorFringeQuality:1]]
[2022.04.13-21.28.36:442][  0]LogConfig: Setting CVar [[r.EyeAdaptationQuality:2]]
[2022.04.13-21.28.36:442][  0]LogConfig: Setting CVar [[r.BloomQuality:5]]
[2022.04.13-21.28.36:442][  0]LogConfig: Setting CVar [[r.FastBlurThreshold:100]]
[2022.04.13-21.28.36:442][  0]LogConfig: Setting CVar [[r.Upscale.Quality:3]]
[2022.04.13-21.28.36:442][  0]LogConfig: Setting CVar [[r.Tonemapper.GrainQuantization:1]]
[2022.04.13-21.28.36:442][  0]LogConfig: Setting CVar [[r.LightShaftQuality:1]]
[2022.04.13-21.28.36:442][  0]LogConfig: Setting CVar [[r.Filter.SizeScale:1]]
[2022.04.13-21.28.36:442][  0]LogConfig: Setting CVar [[r.Tonemapper.Quality:5]]
[2022.04.13-21.28.36:442][  0]LogConfig: Setting CVar [[r.DOF.Gather.AccumulatorQuality:1        ; higher gathering accumulator quality]]
[2022.04.13-21.28.36:442][  0]LogConfig: Setting CVar [[r.DOF.Gather.PostfilterMethod:1          ; Median3x3 postfilering method]]
[2022.04.13-21.28.36:442][  0]LogConfig: Setting CVar [[r.DOF.Gather.EnableBokehSettings:0       ; no bokeh simulation when gathering]]
[2022.04.13-21.28.36:442][  0]LogConfig: Setting CVar [[r.DOF.Gather.RingCount:4                 ; medium number of samples when gathering]]
[2022.04.13-21.28.36:442][  0]LogConfig: Setting CVar [[r.DOF.Scatter.ForegroundCompositing:1    ; additive foreground scattering]]
[2022.04.13-21.28.36:442][  0]LogConfig: Setting CVar [[r.DOF.Scatter.BackgroundCompositing:2    ; additive background scattering]]
[2022.04.13-21.28.36:442][  0]LogConfig: Setting CVar [[r.DOF.Scatter.EnableBokehSettings:1      ; bokeh simulation when scattering]]
[2022.04.13-21.28.36:442][  0]LogConfig: Setting CVar [[r.DOF.Scatter.MaxSpriteRatio:0.1         ; only a maximum of 10% of scattered bokeh]]
[2022.04.13-21.28.36:442][  0]LogConfig: Setting CVar [[r.DOF.Recombine.Quality:1                ; cheap slight out of focus]]
[2022.04.13-21.28.36:442][  0]LogConfig: Setting CVar [[r.DOF.Recombine.EnableBokehSettings:0    ; no bokeh simulation on slight out of focus]]
[2022.04.13-21.28.36:442][  0]LogConfig: Setting CVar [[r.DOF.TemporalAAQuality:1                ; more stable temporal accumulation]]
[2022.04.13-21.28.36:442][  0]LogConfig: Setting CVar [[r.DOF.Kernel.MaxForegroundRadius:0.025]]
[2022.04.13-21.28.36:442][  0]LogConfig: Setting CVar [[r.DOF.Kernel.MaxBackgroundRadius:0.025]]
[2022.04.13-21.28.36:442][  0]LogConfig: Applying CVar settings from Section [TextureQuality@3] File [D:/Documentos/Universidad/9no Semestre/Aplicaciones 3D/Proyecto/Aplicaciones_3D/MyProject2/Saved/Config/Windows/Scalability.ini]
[2022.04.13-21.28.36:442][  0]LogConfig: Setting CVar [[r.Streaming.MipBias:0]]
[2022.04.13-21.28.36:442][  0]LogConfig: Setting CVar [[r.Streaming.AmortizeCPUToGPUCopy:0]]
[2022.04.13-21.28.36:442][  0]LogConfig: Setting CVar [[r.Streaming.MaxNumTexturesToStreamPerFrame:0]]
[2022.04.13-21.28.36:442][  0]LogConfig: Setting CVar [[r.Streaming.Boost:1]]
[2022.04.13-21.28.36:442][  0]LogConfig: Setting CVar [[r.MaxAnisotropy:8]]
[2022.04.13-21.28.36:442][  0]LogConfig: Setting CVar [[r.VT.MaxAnisotropy:8]]
[2022.04.13-21.28.36:442][  0]LogConfig: Setting CVar [[r.Streaming.LimitPoolSizeToVRAM:0]]
[2022.04.13-21.28.36:442][  0]LogConfig: Setting CVar [[r.Streaming.PoolSize:1000]]
[2022.04.13-21.28.36:442][  0]LogConfig: Setting CVar [[r.Streaming.MaxEffectiveScreenSize:0]]
[2022.04.13-21.28.36:442][  0]LogConfig: Applying CVar settings from Section [EffectsQuality@3] File [D:/Documentos/Universidad/9no Semestre/Aplicaciones 3D/Proyecto/Aplicaciones_3D/MyProject2/Saved/Config/Windows/Scalability.ini]
[2022.04.13-21.28.36:442][  0]LogConfig: Setting CVar [[r.TranslucencyLightingVolumeDim:64]]
[2022.04.13-21.28.36:442][  0]LogConfig: Setting CVar [[r.RefractionQuality:2]]
[2022.04.13-21.28.36:442][  0]LogConfig: Setting CVar [[r.SSR.Quality:3]]
[2022.04.13-21.28.36:442][  0]LogConfig: Setting CVar [[r.SSR.HalfResSceneColor:0]]
[2022.04.13-21.28.36:442][  0]LogConfig: Setting CVar [[r.SceneColorFormat:4]]
[2022.04.13-21.28.36:442][  0]LogConfig: Setting CVar [[r.DetailMode:2]]
[2022.04.13-21.28.36:442][  0]LogConfig: Setting CVar [[r.TranslucencyVolumeBlur:1]]
[2022.04.13-21.28.36:442][  0]LogConfig: Setting CVar [[r.MaterialQualityLevel:1 ; High quality]]
[2022.04.13-21.28.36:442][  0]LogConfig: Setting CVar [[r.AnisotropicMaterials:1]]
[2022.04.13-21.28.36:442][  0]LogConfig: Setting CVar [[r.SSS.Scale:1]]
[2022.04.13-21.28.36:442][  0]LogConfig: Setting CVar [[r.SSS.SampleSet:2]]
[2022.04.13-21.28.36:442][  0]LogConfig: Setting CVar [[r.SSS.Quality:1]]
[2022.04.13-21.28.36:442][  0]LogConfig: Setting CVar [[r.SSS.HalfRes:0]]
[2022.04.13-21.28.36:442][  0]LogConfig: Setting CVar [[r.SSGI.Quality:3]]
[2022.04.13-21.28.36:442][  0]LogConfig: Setting CVar [[r.EmitterSpawnRateScale:1.0]]
[2022.04.13-21.28.36:442][  0]LogConfig: Setting CVar [[r.ParticleLightQuality:2]]
[2022.04.13-21.28.36:442][  0]LogConfig: Setting CVar [[r.SkyAtmosphere.AerialPerspectiveLUT.FastApplyOnOpaque:1 ; Always have FastSkyLUT 1 in this case to avoid wrong sky]]
[2022.04.13-21.28.36:442][  0]LogConfig: Setting CVar [[r.SkyAtmosphere.AerialPerspectiveLUT.SampleCountMaxPerSlice:4]]
[2022.04.13-21.28.36:442][  0]LogConfig: Setting CVar [[r.SkyAtmosphere.AerialPerspectiveLUT.DepthResolution:16.0]]
[2022.04.13-21.28.36:442][  0]LogConfig: Setting CVar [[r.SkyAtmosphere.FastSkyLUT:1]]
[2022.04.13-21.28.36:442][  0]LogConfig: Setting CVar [[r.SkyAtmosphere.FastSkyLUT.SampleCountMin:4.0]]
[2022.04.13-21.28.36:442][  0]LogConfig: Setting CVar [[r.SkyAtmosphere.FastSkyLUT.SampleCountMax:128.0]]
[2022.04.13-21.28.36:442][  0]LogConfig: Setting CVar [[r.SkyAtmosphere.SampleCountMin:4.0]]
[2022.04.13-21.28.36:442][  0]LogConfig: Setting CVar [[r.SkyAtmosphere.SampleCountMax:128.0]]
[2022.04.13-21.28.36:442][  0]LogConfig: Setting CVar [[r.SkyAtmosphere.TransmittanceLUT.UseSmallFormat:0]]
[2022.04.13-21.28.36:442][  0]LogConfig: Setting CVar [[r.SkyAtmosphere.TransmittanceLUT.SampleCount:10.0]]
[2022.04.13-21.28.36:442][  0]LogConfig: Setting CVar [[r.SkyAtmosphere.MultiScatteringLUT.SampleCount:15.0]]
[2022.04.13-21.28.36:442][  0]LogConfig: Setting CVar [[r.SkyLight.RealTimeReflectionCapture:1]]
[2022.04.13-21.28.36:442][  0]LogConfig: Applying CVar settings from Section [FoliageQuality@3] File [D:/Documentos/Universidad/9no Semestre/Aplicaciones 3D/Proyecto/Aplicaciones_3D/MyProject2/Saved/Config/Windows/Scalability.ini]
[2022.04.13-21.28.36:442][  0]LogConfig: Setting CVar [[foliage.DensityScale:1.0]]
[2022.04.13-21.28.36:442][  0]LogConfig: Setting CVar [[grass.DensityScale:1.0]]
[2022.04.13-21.28.36:442][  0]LogConfig: Applying CVar settings from Section [ShadingQuality@3] File [D:/Documentos/Universidad/9no Semestre/Aplicaciones 3D/Proyecto/Aplicaciones_3D/MyProject2/Saved/Config/Windows/Scalability.ini]
[2022.04.13-21.28.36:442][  0]LogConfig: Setting CVar [[r.HairStrands.SkyLighting.IntegrationType:2]]
[2022.04.13-21.28.36:442][  0]LogConfig: Setting CVar [[r.HairStrands.SkyAO.SampleCount:4]]
[2022.04.13-21.28.36:442][  0]LogConfig: Setting CVar [[r.HairStrands.Visibility.MSAA.SamplePerPixel:4]]
[2022.04.13-21.28.36:442][  0]LogConfig: Applying CVar settings from Section [Startup] File [../../../Engine/Config/ConsoleVariables.ini]
[2022.04.13-21.28.36:443][  0]LogConfig: Setting CVar [[net.UseAdaptiveNetUpdateFrequency:0]]
[2022.04.13-21.28.36:443][  0]LogConfig: Setting CVar [[p.chaos.AllowCreatePhysxBodies:1]]
[2022.04.13-21.28.36:443][  0]LogConfig: Setting CVar [[fx.SkipVectorVMBackendOptimizations:1]]
[2022.04.13-21.28.36:443][  0]LogConfig: Applying CVar settings from Section [ConsoleVariables] File [D:/Documentos/Universidad/9no Semestre/Aplicaciones 3D/Proyecto/Aplicaciones_3D/MyProject2/Saved/Config/Windows/Engine.ini]
[2022.04.13-21.28.36:443][  0]LogConfig: Applying CVar settings from Section [ConsoleVariables] File [D:/Documentos/Universidad/9no Semestre/Aplicaciones 3D/Proyecto/Aplicaciones_3D/MyProject2/Saved/Config/Windows/Editor.ini]
[2022.04.13-21.28.36:443][  0]LogInit: Computer: DESKTOP-HHOARE7
[2022.04.13-21.28.36:443][  0]LogInit: User: Alejandra
[2022.04.13-21.28.36:443][  0]LogInit: CPU Page size=4096, Cores=6
[2022.04.13-21.28.36:443][  0]LogInit: High frequency timer resolution =10.000000 MHz
[2022.04.13-21.28.36:443][  0]LogMemory: Memory total: Physical=15.8GB (16GB approx)
[2022.04.13-21.28.36:443][  0]LogMemory: Platform Memory Stats for Windows
[2022.04.13-21.28.36:443][  0]LogMemory: Process Physical Memory: 145.90 MB used, 145.91 MB peak
[2022.04.13-21.28.36:443][  0]LogMemory: Process Virtual Memory: 122.02 MB used, 122.02 MB peak
[2022.04.13-21.28.36:443][  0]LogMemory: Physical Memory: 7389.74 MB used,  8768.18 MB free, 16157.92 MB total
[2022.04.13-21.28.36:443][  0]LogMemory: Virtual Memory: 134201480.00 MB used,  16251.55 MB free, 134217728.00 MB total
[2022.04.13-21.28.36:449][  0]LogWindows: WindowsPlatformFeatures enabled
[2022.04.13-21.28.36:466][  0]LogInit: Physics initialised using underlying interface: PhysX
[2022.04.13-21.28.36:466][  0]LogInit: Using OS detected language (es-MX).
[2022.04.13-21.28.36:466][  0]LogInit: Using OS detected locale (es-CO).
[2022.04.13-21.28.36:470][  0]LogTextLocalizationResource: LocRes '../../../Engine/Content/Localization/Editor/es-MX/Editor.locres' could not be opened for reading!
[2022.04.13-21.28.36:470][  0]LogTextLocalizationResource: LocRes '../../../Engine/Content/Localization/EditorTutorials/es-MX/EditorTutorials.locres' could not be opened for reading!
[2022.04.13-21.28.36:470][  0]LogTextLocalizationResource: LocRes '../../../Engine/Content/Localization/Keywords/es-MX/Keywords.locres' could not be opened for reading!
[2022.04.13-21.28.36:470][  0]LogTextLocalizationResource: LocRes '../../../Engine/Content/Localization/Category/es-MX/Category.locres' could not be opened for reading!
[2022.04.13-21.28.36:470][  0]LogTextLocalizationResource: LocRes '../../../Engine/Content/Localization/ToolTips/es-MX/ToolTips.locres' could not be opened for reading!
[2022.04.13-21.28.36:470][  0]LogTextLocalizationResource: LocRes '../../../Engine/Content/Localization/PropertyNames/es-MX/PropertyNames.locres' could not be opened for reading!
[2022.04.13-21.28.36:470][  0]LogTextLocalizationResource: LocRes '../../../Engine/Content/Localization/Engine/es-MX/Engine.locres' could not be opened for reading!
[2022.04.13-21.28.36:470][  0]LogTextLocalizationResource: LocRes '../../../Engine/Plugins/Online/OnlineSubsystemUtils/Content/Localization/OnlineSubsystemUtils/es-MX/OnlineSubsystemUtils.locres' could not be opened for reading!
[2022.04.13-21.28.36:470][  0]LogTextLocalizationResource: LocRes '../../../Engine/Plugins/Online/Android/OnlineSubsystemGooglePlay/Content/Localization/OnlineSubsystemGooglePlay/es-MX/OnlineSubsystemGooglePlay.locres' could not be opened for reading!
[2022.04.13-21.28.36:470][  0]LogTextLocalizationResource: LocRes '../../../Engine/Plugins/Online/IOS/OnlineSubsystemIOS/Content/Localization/OnlineSubsystemIOS/es-MX/OnlineSubsystemIOS.locres' could not be opened for reading!
[2022.04.13-21.28.36:498][  0]LogWindowsTextInputMethodSystem: Display: IME system deactivated.
[2022.04.13-21.28.36:515][  0]LogSlate: New Slate User Created.  User Index 0, Is Virtual User: 0
[2022.04.13-21.28.36:515][  0]LogSlate: Slate User Registered.  User Index 0, Is Virtual User: 0
[2022.04.13-21.28.36:526][  0]LogD3D11RHI: Loaded GFSDK_Aftermath_Lib.x64.dll
[2022.04.13-21.28.36:528][  0]LogHMD: Failed to initialize OpenVR with code 110
[2022.04.13-21.28.36:528][  0]LogD3D11RHI: D3D11 min allowed feature level: 11_0
[2022.04.13-21.28.36:528][  0]LogD3D11RHI: D3D11 max allowed feature level: 11_0
[2022.04.13-21.28.36:528][  0]LogD3D11RHI: D3D11 adapters:
[2022.04.13-21.28.36:604][  0]LogD3D11RHI:    0. 'NVIDIA GeForce RTX 3060 Ti' (Feature Level 11_0)
[2022.04.13-21.28.36:604][  0]LogD3D11RHI:       8050/0/8078 MB DedicatedVideo/DedicatedSystem/SharedSystem, Outputs:1, VendorId:0x10de
[2022.04.13-21.28.36:628][  0]LogD3D11RHI:    1. 'Intel(R) UHD Graphics 730' (Feature Level 11_0)
[2022.04.13-21.28.36:628][  0]LogD3D11RHI:       128/0/8078 MB DedicatedVideo/DedicatedSystem/SharedSystem, Outputs:1, VendorId:0x8086
[2022.04.13-21.28.36:630][  0]LogD3D11RHI:    2. 'Microsoft Basic Render Driver' (Feature Level 11_0)
[2022.04.13-21.28.36:630][  0]LogD3D11RHI:       0/0/8078 MB DedicatedVideo/DedicatedSystem/SharedSystem, Outputs:0, VendorId:0x1414
[2022.04.13-21.28.36:630][  0]LogD3D11RHI: Chosen D3D11 Adapter:
[2022.04.13-21.28.36:630][  0]LogD3D11RHI:     Description : NVIDIA GeForce RTX 3060 Ti
[2022.04.13-21.28.36:630][  0]LogD3D11RHI:     VendorId    : 10de
[2022.04.13-21.28.36:630][  0]LogD3D11RHI:     DeviceId    : 2489
[2022.04.13-21.28.36:630][  0]LogD3D11RHI:     SubSysId    : 46633842
[2022.04.13-21.28.36:630][  0]LogD3D11RHI:     Revision    : 00a1
[2022.04.13-21.28.36:630][  0]LogD3D11RHI:     DedicatedVideoMemory : 8441036800 bytes
[2022.04.13-21.28.36:630][  0]LogD3D11RHI:     DedicatedSystemMemory : 0 bytes
[2022.04.13-21.28.36:630][  0]LogD3D11RHI:     SharedSystemMemory : 8471404544 bytes
[2022.04.13-21.28.36:630][  0]LogD3D11RHI:     AdapterLuid : 0 62503
[2022.04.13-21.28.36:635][  0]LogD3D11RHI: Creating new Direct3DDevice
[2022.04.13-21.28.36:635][  0]LogD3D11RHI:     GPU DeviceId: 0x2489 (for the marketing name, search the web for "GPU Device Id")
[2022.04.13-21.28.36:635][  0]LogWindows: EnumDisplayDevices:
[2022.04.13-21.28.36:635][  0]LogWindows:    0. 'NVIDIA GeForce RTX 3060 Ti' (P:1 D:1)
[2022.04.13-21.28.36:635][  0]LogWindows:    1. 'NVIDIA GeForce RTX 3060 Ti' (P:0 D:0)
[2022.04.13-21.28.36:635][  0]LogWindows:    2. 'NVIDIA GeForce RTX 3060 Ti' (P:0 D:0)
[2022.04.13-21.28.36:635][  0]LogWindows:    3. 'NVIDIA GeForce RTX 3060 Ti' (P:0 D:0)
[2022.04.13-21.28.36:636][  0]LogWindows:    4. 'Intel(R) UHD Graphics 730' (P:0 D:1)
[2022.04.13-21.28.36:636][  0]LogWindows:    5. 'Intel(R) UHD Graphics 730' (P:0 D:0)
[2022.04.13-21.28.36:636][  0]LogWindows:    6. 'Intel(R) UHD Graphics 730' (P:0 D:0)
[2022.04.13-21.28.36:636][  0]LogWindows:    7. 'Intel(R) UHD Graphics 730' (P:0 D:0)
[2022.04.13-21.28.36:636][  0]LogWindows: DebugString: PrimaryIsNotTheChoosenAdapter PrimaryIsNotTheChoosenAdapter PrimaryIsNotTheChoosenAdapter PrimaryIsNotTheChoosenAdapter FoundDriverCount:4 
[2022.04.13-21.28.36:636][  0]LogD3D11RHI:     Adapter Name: NVIDIA GeForce RTX 3060 Ti
[2022.04.13-21.28.36:636][  0]LogD3D11RHI:   Driver Version: 472.12 (internal:30.0.14.7212, unified:472.12)
[2022.04.13-21.28.36:636][  0]LogD3D11RHI:      Driver Date: 9-13-2021
[2022.04.13-21.28.36:636][  0]LogRHI: Texture pool is 5635 MB (70% of 8050 MB)
[2022.04.13-21.28.36:636][  0]LogD3D11RHI: Creating D3DDevice using adapter:
[2022.04.13-21.28.36:636][  0]LogD3D11RHI:     Description : NVIDIA GeForce RTX 3060 Ti
[2022.04.13-21.28.36:636][  0]LogD3D11RHI:     VendorId    : 10de
[2022.04.13-21.28.36:636][  0]LogD3D11RHI:     DeviceId    : 2489
[2022.04.13-21.28.36:636][  0]LogD3D11RHI:     SubSysId    : 46633842
[2022.04.13-21.28.36:636][  0]LogD3D11RHI:     Revision    : 00a1
[2022.04.13-21.28.36:636][  0]LogD3D11RHI:     DedicatedVideoMemory : 8441036800 bytes
[2022.04.13-21.28.36:636][  0]LogD3D11RHI:     DedicatedSystemMemory : 0 bytes
[2022.04.13-21.28.36:636][  0]LogD3D11RHI:     SharedSystemMemory : 8471404544 bytes
[2022.04.13-21.28.36:636][  0]LogD3D11RHI:     AdapterLuid : 0 62503
[2022.04.13-21.28.36:696][  0]LogD3D11RHI: RHI has support for 64 bit atomics
[2022.04.13-21.28.36:696][  0]LogD3D11RHI: Async texture creation enabled
[2022.04.13-21.28.36:696][  0]LogD3D11RHI: Array index from any shader is supported
[2022.04.13-21.28.36:716][  0]LogD3D11RHI: GPU Timing Frequency: 1000.000000 (Debug: 2 2)
[2022.04.13-21.28.36:735][  0]LogRHI: GeForceNow SDK initialized: 1
[2022.04.13-21.28.36:973][  0]LogTargetPlatformManager: Display: Loaded TargetPlatform 'WindowsNoEditor'
[2022.04.13-21.28.36:977][  0]LogTargetPlatformManager: Display: Loaded TargetPlatform 'Windows'
[2022.04.13-21.28.36:980][  0]LogTargetPlatformManager: Display: Loaded TargetPlatform 'WindowsClient'
[2022.04.13-21.28.36:983][  0]LogTargetPlatformManager: Display: Loaded TargetPlatform 'WindowsServer'
[2022.04.13-21.28.36:983][  0]LogTargetPlatformManager: Display: Building Assets For Windows
[2022.04.13-21.28.36:989][  0]LogAudioDebug: Display: Lib vorbis DLL was dynamically loaded.
[2022.04.13-21.28.37:012][  0]LogTextureFormatOodle: Display: Oodle Texture 2.9.0 init RDO Off
[2022.04.13-21.28.37:034][  0]LogRendererCore: Ray tracing is disabled. Reason: r.RayTracing=0.
[2022.04.13-21.28.37:034][  0]LogShaderCompilers: Guid format shader working directory is -41 characters bigger than the processId version (D:/Documentos/Universidad/9no Semestre/Aplicaciones 3D/Proyecto/Aplicaciones_3D/MyProject2/Intermediate/Shaders/WorkingDirectory/24276/).
[2022.04.13-21.28.37:034][  0]LogShaderCompilers: Cleaned the shader compiler working directory 'C:/Users/Alejandra/AppData/Local/Temp/UnrealShaderWorkingDir/2B731BE140AF062958E64E8D1A1CE202/'.
[2022.04.13-21.28.37:034][  0]LogXGEController: Cannot use XGE Controller as Incredibuild is not installed on this machine.
[2022.04.13-21.28.37:034][  0]LogShaderCompilers: Cannot use XGE Shader Compiler as Incredibuild is not installed on this machine.
[2022.04.13-21.28.37:034][  0]LogShaderCompilers: Display: Using Local Shader Compiler.
[2022.04.13-21.28.37:607][  0]LogDerivedDataCache: Display: Max Cache Size: 512 MB
[2022.04.13-21.28.37:649][  0]LogDerivedDataCache: Loaded boot cache 0.04s 94MB C:/Users/Alejandra/AppData/Local/UnrealEngine/4.27/DerivedDataCache/Boot.ddc.
[2022.04.13-21.28.37:649][  0]LogDerivedDataCache: Display: Loaded Boot cache: C:/Users/Alejandra/AppData/Local/UnrealEngine/4.27/DerivedDataCache/Boot.ddc
[2022.04.13-21.28.37:649][  0]LogDerivedDataCache: FDerivedDataBackendGraph:  Pak pak cache file D:/Documentos/Universidad/9no Semestre/Aplicaciones 3D/Proyecto/Aplicaciones_3D/MyProject2/DerivedDataCache/DDC.ddp not found, will not use a pak cache.
[2022.04.13-21.28.37:649][  0]LogDerivedDataCache: Unable to find inner node Pak for hierarchical cache Hierarchy.
[2022.04.13-21.28.37:649][  0]LogDerivedDataCache: FDerivedDataBackendGraph:  CompressedPak pak cache file D:/Documentos/Universidad/9no Semestre/Aplicaciones 3D/Proyecto/Aplicaciones_3D/MyProject2/DerivedDataCache/Compressed.ddp not found, will not use a pak cache.
[2022.04.13-21.28.37:649][  0]LogDerivedDataCache: Unable to find inner node CompressedPak for hierarchical cache Hierarchy.
[2022.04.13-21.28.37:663][  0]LogDerivedDataCache: Display: Pak cache opened for reading ../../../Engine/DerivedDataCache/Compressed.ddp.
[2022.04.13-21.28.37:663][  0]LogDerivedDataCache: FDerivedDataBackendGraph:  EnterprisePak pak cache file ../../../Enterprise/DerivedDataCache/Compressed.ddp not found, will not use a pak cache.
[2022.04.13-21.28.37:663][  0]LogDerivedDataCache: Unable to find inner node EnterprisePak for hierarchical cache Hierarchy.
[2022.04.13-21.28.37:670][  0]LogDerivedDataCache: Speed tests for C:/Users/Alejandra/AppData/Local/UnrealEngine/Common/DerivedDataCache took 0.01 seconds
[2022.04.13-21.28.37:670][  0]LogDerivedDataCache: Display: Performance to C:/Users/Alejandra/AppData/Local/UnrealEngine/Common/DerivedDataCache: Latency=0.02ms. RandomReadSpeed=2155.55MBs, RandomWriteSpeed=151.24MBs. Assigned SpeedClass 'Local'
[2022.04.13-21.28.37:670][  0]LogDerivedDataCache: Using Local data cache path C:/Users/Alejandra/AppData/Local/UnrealEngine/Common/DerivedDataCache: Writable
[2022.04.13-21.28.37:671][  0]LogDerivedDataCache: Shared data cache path not found in *engine.ini, will not use an Shared cache.
[2022.04.13-21.28.37:671][  0]LogDerivedDataCache: Unable to find inner node Shared for hierarchical cache Hierarchy.
[2022.04.13-21.28.37:694][  0]LogSlate: Using FreeType 2.10.0
[2022.04.13-21.28.37:694][  0]LogSlate: SlateFontServices - WITH_FREETYPE: 1, WITH_HARFBUZZ: 1
[2022.04.13-21.28.37:744][  0]LogInit: Using OS detected language (es-MX).
[2022.04.13-21.28.37:744][  0]LogInit: Using OS detected locale (es-CO).
[2022.04.13-21.28.37:744][  0]LogTextLocalizationManager: No localization for 'es-MX' exists, so 'en' will be used for the language.
[2022.04.13-21.28.37:744][  0]LogTextLocalizationManager: No localization for 'es-CO' exists, so 'en' will be used for the locale.
[2022.04.13-21.28.37:744][  0]LogSlate: FontCache flush requested. Reason: Culture for localization was changed
[2022.04.13-21.28.37:744][  0]LogSlate: FontCache flush requested. Reason: Culture for localization was changed
[2022.04.13-21.28.37:746][  0]LogAssetRegistry: FAssetRegistry took 0.0012 seconds to start up
[2022.04.13-21.28.37:855][  0]LogTextLocalizationManager: Compacting localization data took   0.00ms
[2022.04.13-21.28.37:855][  0]LogPackageLocalizationCache: Processed 27 localized package path(s) for 1 prioritized culture(s) in 0.000685 seconds
[2022.04.13-21.28.37:896][  0]LogInit: Selected Device Profile: [Windows]
[2022.04.13-21.28.37:896][  0]LogInit: Active device profile: [00000196B067A500][00000196A7E91200 49] Windows
[2022.04.13-21.28.37:896][  0]LogInit: Profiles: [00000196B067A500][00000196A7E91200 49] Windows, [00000196B0631D00][00000196A77954C0 49] WindowsNoEditor, [00000196B0679D00][00000196A7799780 49] WindowsServer, [00000196B0632800][00000196A7791A00 49] WindowsClient, [00000196B067AA00][00000196A779C100 49] IOS, [00000196B0632400][00000196A77A43C0 49] iPadAir, [00000196B067A300][00000196A77A8680 49] iPadAir2, [00000196B05D2B00][00000196A77BCBC0 49] IPadPro, [00000196B05D2C00][00000196A77ACC00 49] iPadAir3, [00000196B0679B00][00000196A77B4EC0 49] iPadAir4, [00000196B05D3200][00000196A77B1180 49] iPadMini2, [00000196B0678100][00000196A77B9440 49] iPadMini3, [00000196B05D1F00][00000196A77C1700 49] iPadMini4, [00000196B067A100][00000196A77C59C0 49] iPadMini5, [00000196B05FE400][00000196A77D4300 49] iPhone6, [00000196B05FE500][00000196A77A0340 49] iPodTouch6, [00000196B05D1500][00000196AB03E880 49] iPhone7, [00000196B05D1400][00000196A77D08C0 49] iPodTouch7, [00000196B05FEA00][00000196AB036B80 49] iPhone5S, [00000196B05D0E00][00000196A77CCE40 49] iPhone6Plus, [00000196B05FF000][00000196AB03B100 49] iPhone6S, [00000196B05D0400][00000196AB0433C0 49] iPhone6SPlus, [00000196B05FDC00][00000196AB047680 49] iPhone7Plus, [00000196B05D0D00][00000196AB04B940 49] iPhoneSE, [00000196B05FD600][00000196AB04FC00 49] iPhone8, [00000196B05D3400][00000196A77C8300 49] iPhone8Plus, [00000196B05FFC00][00000196AB052580 49] iPhoneX, [00000196B05D1800][00000196AB05A840 49] iPhoneXS, [00000196B05FCC00][00000196AB05EB00 49] iPhoneXSMax, [00000196B05D2800][00000196AB062DC0 49] iPhoneXR, [00000196B05FF700][00000196AB067080 49] iPhone11, [00000196B05D3000][00000196AB06B340 49] iPhone11Pro, [00000196B05FFF00][00000196AB06F600 49] iPhone11ProMax, [00000196B05D2600][00000196AB0738C0 49] iPhoneSE2, [00000196B05FF200][00000196AB077B80 49] iPhone12Mini, [00000196B05D3700][00000196AB07A2C0 49] iPhone12, [00000196B05FFB00][00000196AB056540 49] iPhone12Pro, [00000196B05D2300][00000196AB07E7C0 49] iPhone12ProMax, [00000196B05FD700][00000196A7A4AA80 49] iPadPro105, [00000196B05D1000][00000196A7A4ED40 49] iPadPro129, [00000196B05FC100][00000196A7A53000 49] iPadPro97, [00000196B05D2200][00000196A7A572C0 49] iPadPro2_129, [00000196B05FFE00][00000196A7A5B580 49] iPad5, [00000196B05D0100][00000196A7A5F840 49] iPad6, [00000196B05FCB00][00000196A7A63B00 49] iPad7, [00000196B0632F00][00000196A7A66240 49] iPad8, [00000196B06C0500][00000196A7A6A500 49] iPadPro11, [00000196B0633000][00000196A7A46780 49] iPadPro2_11, [00000196B06C0C00][00000196A7A72A40 49] iPadPro3_129, [00000196B0633600][00000196A7A76D00 49] iPadPro4_129, [00000196B06C1400][00000196A7A7AFC0 49] AppleTV, [00000196B0631200][00000196A7A7F280 49] AppleTV4K, [00000196B06C0600][00000196A7A83540 49] TVOS, [00000196B0630800][00000196A7A87800 49] Mac, [00000196B05FF400][00000196A7A8BAC0 49] MacClient, [00000196B0630F00][00000196A7A8E200 49] MacNoEditor, [00000196B05FC700][00000196A7A924C0 49] MacServer, [00000196B0631B00][00000196A7A6E740 49] Linux, [00000196B05FC900][00000196A7A969C0 49] LinuxAArch64, [00000196B0630100][00000196A7A9EC80 49] LinuxNoEditor, [00000196B05FCA00][00000196A7AA2F40 49] LinuxAArch64NoEditor, [00000196B0630E00][00000196A7AA7200 49] LinuxClient, [00000196B05FE300][00000196A7AAB4C0 49] LinuxAArch64Client, [00000196B0632100][00000196A7AAF780 49] LinuxServer, [00000196B05FC300][00000196A7AB3A40 49] LinuxAArch64Server, [00000196B0631A00][00000196A7AB6180 49] Android, [00000196B05FE200][00000196A7ABA440 49] Android_Low, [00000196B0633B00][00000196A7D52700 49] Android_Mid, [00000196B05FEE00][00000196A7A9A980 49] Android_High, [00000196B0631E00][0000019698116C00 49] Android_Default, [00000196B05FE700][000001969811EEC0 49] Android_Adreno4xx, [00000196B0631F00][0000019698123180 49] Android_Adreno5xx_Low, [00000196B05FD500][0000019698127440 49] Android_Adreno5xx, [00000196B0630200][000001969812B700 49] Android_Adreno6xx, [00000196B05FD800][000001969812F9C0 49] Android_Adreno6xx_Vulkan, [00000196B0632C00][0000019698132100 49] Android_Mali_T6xx, [00000196B05FD300][00000196981363C0 49] Android_Mali_T7xx, [00000196B0633D00][000001969813A680 49] Android_Mali_T8xx, [00000196B05FF600][000001969813E940 49] Android_Mali_G71, [00000196B0631100][000001969811ABC0 49] Android_Mali_G72, [00000196B05FD400][0000019698142E40 49] Android_Mali_G72_Vulkan, [00000196B0630700][00000196A7D5B100 49] Android_Mali_G76, [00000196B05FD900][00000196A7D5F3C0 49] Android_Mali_G76_Vulkan, [00000196B0630400][00000196A7D63680 49] Android_Mali_G77, [00000196B05FEC00][00000196A7D67940 49] Android_Mali_G77_Vulkan, [00000196B0630D00][00000196A7D6BC00 49] Android_Mali_G78, [00000196B05FFA00][00000196A7D6E340 49] Android_Mali_G78_Vulkan, [00000196B0632200][00000196A7D72600 49] Android_Mali_G710, [00000196B05FC500][00000196A7D768C0 49] Android_Mali_G710_Vulkan, [00000196B067A700][00000196A7D7AB80 49] Android_Vulkan_SM5, [00000196B05D0200][00000196A7D56E00 49] Android_PowerVR_G6xxx, [00000196B067AB00][00000196A7D7F080 49] Android_PowerVR_GT7xxx, [00000196B05D0300][00000196A7D87340 49] Android_PowerVR_GE8xxx, [00000196B067B200][00000196A7D8B600 49] Android_PowerVR_GM9xxx, [00000196B05D2500][00000196A7D8F8C0 49] Android_PowerVR_GM9xxx_Vulkan, [00000196B0678700][00000196A7D93B80 49] Android_TegraK1, [00000196B05D2D00][00000196A7D962C0 49] Android_Unknown_Vulkan, [00000196B067BD00][00000196A7D9A580 49] Lumin, [00000196B05D3600][00000196A7D9E840 49] Lumin_Desktop, [00000196B0678D00][00000196A7DA2B00 49] HoloLens, 
[2022.04.13-21.28.37:925][  0]LogMeshReduction: Using QuadricMeshReduction for automatic static mesh reduction
[2022.04.13-21.28.37:925][  0]LogMeshReduction: Using SimplygonMeshReduction for automatic skeletal mesh reduction
[2022.04.13-21.28.37:925][  0]LogMeshReduction: Using ProxyLODMeshReduction for automatic mesh merging
[2022.04.13-21.28.37:925][  0]LogMeshReduction: No distributed automatic mesh merging module available
[2022.04.13-21.28.37:925][  0]LogMeshMerging: No distributed automatic mesh merging module available
[2022.04.13-21.28.37:998][  0]LogNetVersion: MyProject2 1.0.0, NetCL: 17155196, EngineNetVer: 17, GameNetVer: 0 (Checksum: 1659861177)
[2022.04.13-21.28.38:157][  0]LogTexture: Default maximum texture size for cubemaps generated from long-lat sources has been changed from 512 to unlimited. In order to preserve old behaiour for '/Engine/MapTemplates/Sky/DaylightAmbientCubemap.DaylightAmbientCubemap', its maximum texture size has been explicitly set to 512.
[2022.04.13-21.28.38:193][  0]LogHMD: PokeAHoleMaterial loaded successfully
[2022.04.13-21.28.38:268][  0]LogMoviePlayer: Initializing movie player
[2022.04.13-21.28.38:349][  0]LogNiagaraDebuggerClient: Niagara Debugger Client Initialized | Session: 56F23F5948DDC0C94E8552A04E727441 | Instance: 2F99BC194EEB14E23D04CC9AFBC41972 (DESKTOP-HHOARE7-24276).
[2022.04.13-21.28.38:363][  0]LogCollectionManager: Loaded 0 collections in 0.001206 seconds
[2022.04.13-21.28.38:365][  0]LogFileCache: Scanning file cache for directory 'D:/Documentos/Universidad/9no Semestre/Aplicaciones 3D/Proyecto/Aplicaciones_3D/MyProject2/Saved/Collections/' took 0.00s
[2022.04.13-21.28.38:365][  0]LogFileCache: Scanning file cache for directory 'D:/Documentos/Universidad/9no Semestre/Aplicaciones 3D/Proyecto/Aplicaciones_3D/MyProject2/Content/Developers/Alejandra/Collections/' took 0.00s
[2022.04.13-21.28.38:365][  0]LogFileCache: Scanning file cache for directory 'D:/Documentos/Universidad/9no Semestre/Aplicaciones 3D/Proyecto/Aplicaciones_3D/MyProject2/Content/Collections/' took 0.00s
[2022.04.13-21.28.38:365][  0]LogCollectionManager: Fixed up redirectors for 0 collections in 0.000001 seconds (updated 0 objects)
[2022.04.13-21.28.38:455][  0]LogTcpMessaging: Initializing TcpMessaging bridge
[2022.04.13-21.28.38:458][  0]LogUdpMessaging: Initializing bridge on interface 0.0.0.0:0 to multicast group 230.0.0.1:6666.
[2022.04.13-21.28.38:475][  0]LogPython: Using Python 3.7.7
[2022.04.13-21.28.38:811][  0]SourceControl: Source control is disabled
[2022.04.13-21.28.38:811][  0]SourceControl: Source control is disabled
[2022.04.13-21.28.38:813][  0]SourceControl: Source control is disabled
[2022.04.13-21.28.38:817][  0]LogUProjectInfo: Found projects:
[2022.04.13-21.28.38:823][  0]LogVSAccessor: Display: Unable to create Visual Studio setup instance: 80040154
[2022.04.13-21.28.38:823][  0]LogVSAccessor: Display: Unable to create Visual Studio setup instance: 80040154
[2022.04.13-21.28.38:823][  0]LogVSAccessor: Display: Unable to create Visual Studio setup instance: 80040154
[2022.04.13-21.28.38:886][  0]LogAndroidPermission: UAndroidPermissionCallbackProxy::GetInstance
[2022.04.13-21.28.38:901][  0]LogAudioCaptureCore: Display: No Audio Capture implementations found. Audio input will be silent.
[2022.04.13-21.28.38:901][  0]LogAudioCaptureCore: Display: No Audio Capture implementations found. Audio input will be silent.
[2022.04.13-21.28.38:931][  0]LogOpenImageDenoise: OIDN starting up
[2022.04.13-21.28.38:959][  0]LogOcInput: OculusInput pre-init called
[2022.04.13-21.28.38:965][  0]LogUObjectArray: 22121 objects as part of root set at end of initial load.
[2022.04.13-21.28.38:965][  0]LogUObjectAllocator: 5975632 out of 0 bytes used by permanent object pool.
[2022.04.13-21.28.38:965][  0]LogUObjectArray: CloseDisregardForGC: 0/0 objects in disregard for GC pool
[2022.04.13-21.28.39:000][  0]LogEngine: Initializing Engine...
[2022.04.13-21.28.39:002][  0]LogHMD: Failed to enumerate extensions. Please check that you have a valid OpenXR runtime installed.
[2022.04.13-21.28.39:002][  0]LogHMD: Failed to initialize OpenVR with code 110
[2022.04.13-21.28.39:002][  0]LogMagicLeap: Warning: VR disabled because ZI is not enabled.  To enable, in the editor, Edit -> Project Settings -> Plugins -> Magic Leap Plugin -> Enable Zero Iteration
[2022.04.13-21.28.39:004][  0]LogStats: UGameplayTagsManager::InitializeManager -  0.000 s
[2022.04.13-21.28.39:066][  0]LogInit: Initializing FReadOnlyCVARCache
[2022.04.13-21.28.39:066][  0]LogAudio: Display: Initializing Audio Device Manager...
[2022.04.13-21.28.39:069][  0]LogAudio: Display: Loading Default Audio Settings Objects...
[2022.04.13-21.28.39:069][  0]LogAudio: Display: No default SoundConcurrencyObject specified (or failed to load).
[2022.04.13-21.28.39:069][  0]LogAudio: Display: Audio Device Manager Initialized
[2022.04.13-21.28.39:069][  0]LogAudio: Display: Creating Audio Device:                 Id: 1, Scope: Shared, Realtime: True
[2022.04.13-21.28.39:069][  0]LogAudioMixer: Display: Audio Mixer Platform Settings:
[2022.04.13-21.28.39:069][  0]LogAudioMixer: Display: 	Sample Rate:						  48000
[2022.04.13-21.28.39:069][  0]LogAudioMixer: Display: 	Callback Buffer Frame Size Requested: 1024
[2022.04.13-21.28.39:069][  0]LogAudioMixer: Display: 	Callback Buffer Frame Size To Use:	  1024
[2022.04.13-21.28.39:069][  0]LogAudioMixer: Display: 	Number of buffers to queue:			  2
[2022.04.13-21.28.39:069][  0]LogAudioMixer: Display: 	Max Channels (voices):				  32
[2022.04.13-21.28.39:069][  0]LogAudioMixer: Display: 	Number of Async Source Workers:		  0
[2022.04.13-21.28.39:069][  0]LogAudio: Display: AudioDevice MaxSources: 32
[2022.04.13-21.28.39:069][  0]LogAudio: Display: Audio Spatialization Plugin: None (built-in).
[2022.04.13-21.28.39:069][  0]LogAudio: Display: Audio Reverb Plugin: None (built-in).
[2022.04.13-21.28.39:070][  0]LogAudio: Display: Audio Occlusion Plugin: None (built-in).
[2022.04.13-21.28.39:070][  0]LogAudioMixer: Display: Initializing audio mixer.
[2022.04.13-21.28.39:082][  0]LogAudioMixer: Display: 0: FrontLeft
[2022.04.13-21.28.39:082][  0]LogAudioMixer: Display: 1: FrontRight
[2022.04.13-21.28.39:093][  0]LogAudioMixer: Display: Using Audio Device Auriculares (2- High Definition Audio Device)
[2022.04.13-21.28.39:098][  0]LogAudioMixer: Display: Initializing Sound Submixes...
[2022.04.13-21.28.39:100][  0]LogAudioMixer: Display: Creating Master Submix 'MasterSubmixDefault'
[2022.04.13-21.28.39:100][  0]LogAudioMixer: Display: Creating Master Submix 'MasterReverbSubmixDefault'
[2022.04.13-21.28.39:101][  0]LogAudioMixer: Display: Creating Master Submix 'MasterEQSubmixDefault'
[2022.04.13-21.28.39:101][  0]LogAudioMixer: FMixerPlatformXAudio2::StartAudioStream() called
[2022.04.13-21.28.39:101][  0]LogAudioMixer: Display: Output buffers initialized: Frames=1024, Channels=2, Samples=2048
[2022.04.13-21.28.39:101][  0]LogAudioMixer: Display: Starting AudioMixerPlatformInterface::RunInternal()
[2022.04.13-21.28.39:101][  0]LogAudioMixer: Display: FMixerPlatformXAudio2::SubmitBuffer() called for the first time
[2022.04.13-21.28.39:101][  0]LogInit: FAudioDevice initialized.
[2022.04.13-21.28.39:102][  0]LogNetVersion: Set ProjectVersion to 1.0.0.0. Version Checksum will be recalculated on next use.
[2022.04.13-21.28.39:103][  0]LogInit: Texture streaming: Enabled
[2022.04.13-21.28.39:149][  0]LogAudio: Display: Audio Device (ID: 1) registered with world 'Untitled'.
[2022.04.13-21.28.39:149][  0]LogSlate: Updating window title bar state: overlay mode, drag disabled, window buttons hidden, title bar hidden
[2022.04.13-21.28.39:150][  0]LogInit: Display: Game Engine Initialized.
[2022.04.13-21.28.39:150][  0]LogNiagaraEditor: GEditor isn't valid! Particle reset commands will not work for Niagara components!
[2022.04.13-21.28.39:230][  0]LogInit: Display: Starting Game.
[2022.04.13-21.28.39:230][  0]LogNet: Browse: /Game/Mapas/MapaUniversidad?Name=Player
[2022.04.13-21.28.39:230][  0]LogLoad: LoadMap: /Game/Mapas/MapaUniversidad?Name=Player
[2022.04.13-21.28.39:230][  0]LogWorld: BeginTearingDown for /Temp/Untitled_0
[2022.04.13-21.28.39:231][  0]LogWorld: UWorld::CleanupWorld for Untitled, bSessionEnded=true, bCleanupResources=true
[2022.04.13-21.28.39:231][  0]LogSlate: InvalidateAllWidgets triggered.  All widgets were invalidated
[2022.04.13-21.28.39:237][  0]LogAudio: Display: Audio Device unregistered from world 'None'.
[2022.04.13-21.28.39:239][  0]LogUObjectHash: Compacting FUObjectHashTables data took   0.49ms
[2022.04.13-21.28.39:377][  0]LogAudio: Display: Audio Device (ID: 1) registered with world 'MapaUniversidad'.
[2022.04.13-21.28.39:382][  0]LogAIModule: Creating AISystem for world MapaUniversidad
[2022.04.13-21.28.39:455][  0]LogLoad: Game class is 'ModoJuego1_C'
[2022.04.13-21.28.39:458][  0]LogWorld: Bringing World /Game/Mapas/MapaUniversidad.MapaUniversidad up for play (max tick rate 0) at 2022.04.13-16.28.39
[2022.04.13-21.28.39:458][  0]LogWorld: Bringing up level for play took: 0.002269
[2022.04.13-21.28.39:459][  0]LogGameMode: Display: Match State Changed from EnteringMap to WaitingToStart
[2022.04.13-21.28.39:459][  0]LogGameState: Match State Changed from EnteringMap to WaitingToStart
[2022.04.13-21.28.39:459][  0]LogGameMode: Display: Match State Changed from WaitingToStart to InProgress
[2022.04.13-21.28.39:459][  0]LogViewport: Display: Viewport MouseCaptureMode Changed, CapturePermanently_IncludingInitialMouseDown -> CapturePermanently
[2022.04.13-21.28.39:460][  0]LogGameState: Match State Changed from WaitingToStart to InProgress
[2022.04.13-21.28.39:460][  0]LogLoad: Took 0.230250 seconds to LoadMap(/Game/Mapas/MapaUniversidad)
[2022.04.13-21.28.39:503][  0]LogSlate: Took 0.000160 seconds to synchronously load lazily loaded font '../../../Engine/Content/Slate/Fonts/Roboto-Regular.ttf' (155K)
[2022.04.13-21.28.39:529][  0]LogRenderer: Reallocating scene render targets to support 256x256 Format 10 NumSamples 1 (Frame:1).
[2022.04.13-21.28.39:529][  0]LogRenderer: Reallocating scene render targets to support 1288x564 Format 10 NumSamples 1 (Frame:1).
[2022.04.13-21.28.39:530][  0]LogInit: Display: Engine is initialized. Leaving FEngineLoop::Init()
[2022.04.13-21.28.39:530][  0]LogLoad: (Engine Initialization) Total time: 3.87 seconds
[2022.04.13-21.28.39:530][  0]LogLoad: (Engine Initialization) Total Blueprint compile time: 0.00 seconds
[2022.04.13-21.28.39:538][  0]LogContentStreaming: Texture pool size now 1000 MB
[2022.04.13-21.28.39:540][  0]LogSlate: InvalidateAllWidgets triggered.  All widgets were invalidated
[2022.04.13-21.28.39:562][  1]LogSlate: Took 0.000139 seconds to synchronously load lazily loaded font '../../../Engine/Content/Slate/Fonts/Roboto-Regular.ttf' (155K)
[2022.04.13-21.28.41:374][289]LogPlayerController: Error: InputMode:UIOnly - Attempting to focus Non-Focusable widget SObjectWidget [Widget.cpp(799)]!
[2022.04.13-21.28.41:374][289]LogViewport: Display: Viewport MouseLockMode Changed, LockOnCapture -> DoNotLock
[2022.04.13-21.28.41:374][289]LogViewport: Display: Viewport MouseCaptureMode Changed, CapturePermanently -> NoCapture
[2022.04.13-21.28.43:598][659]r.SetRes = "960x540"
[2022.04.13-21.28.43:685][662]LogRenderer: Reallocating scene render targets to support 960x540 Format 10 NumSamples 1 (Frame:663).
[2022.04.13-21.28.44:657][814]r.SetRes = "1280x720"
[2022.04.13-21.28.44:716][815]LogRenderer: Reallocating scene render targets to support 1280x720 Format 10 NumSamples 1 (Frame:817).
[2022.04.13-21.28.45:321][904]r.SetRes = "1366x768"
[2022.04.13-21.28.45:386][905]LogRenderer: Reallocating scene render targets to support 1368x768 Format 10 NumSamples 1 (Frame:908).
[2022.04.13-21.28.47:068][168]LogViewport: Display: Viewport MouseLockMode Changed, DoNotLock -> LockOnCapture
[2022.04.13-21.28.47:068][168]LogViewport: Display: Viewport MouseCaptureMode Changed, NoCapture -> CapturePermanently
[2022.04.13-21.28.47:801][290]LogPlayerController: Error: InputMode:UIOnly - Attempting to focus Non-Focusable widget SObjectWidget [Widget.cpp(799)]!
[2022.04.13-21.28.47:801][290]LogViewport: Display: Viewport MouseLockMode Changed, LockOnCapture -> DoNotLock
[2022.04.13-21.28.47:801][290]LogViewport: Display: Viewport MouseCaptureMode Changed, CapturePermanently -> NoCapture
[2022.04.13-21.28.51:036][842]LogViewport: Display: Viewport MouseLockMode Changed, DoNotLock -> LockOnCapture
[2022.04.13-21.28.51:036][842]LogViewport: Display: Viewport MouseCaptureMode Changed, NoCapture -> CapturePermanently
[2022.04.13-21.29.04:826][856]LogPlayerController: Error: InputMode:UIOnly - Attempting to focus Non-Focusable widget SObjectWidget [Widget.cpp(799)]!
[2022.04.13-21.29.04:826][856]LogViewport: Display: Viewport MouseLockMode Changed, LockOnCapture -> DoNotLock
[2022.04.13-21.29.04:826][856]LogViewport: Display: Viewport MouseCaptureMode Changed, CapturePermanently -> NoCapture
[2022.04.13-21.29.07:322][522]LogViewport: Display: Viewport MouseLockMode Changed, DoNotLock -> LockOnCapture
[2022.04.13-21.29.07:322][522]LogViewport: Display: Viewport MouseCaptureMode Changed, NoCapture -> CapturePermanently
[2022.04.13-21.29.08:322][792]LogPlayerController: Error: InputMode:UIOnly - Attempting to focus Non-Focusable widget SObjectWidget [Widget.cpp(799)]!
[2022.04.13-21.29.08:322][792]LogViewport: Display: Viewport MouseLockMode Changed, LockOnCapture -> DoNotLock
[2022.04.13-21.29.08:322][792]LogViewport: Display: Viewport MouseCaptureMode Changed, CapturePermanently -> NoCapture
